<?xml version="1.0" encoding="UTF-8"?><testsuite errors="0" failures="1" name="Register" skipped="0" tests="1" time="0.71" timestamp="2023-09-28 02:33:41"><testcase name="register successfull"><failure message="Undefined default URL for page object PageObject" type="java.lang.AssertionError">Undefined default URL for page object PageObject</failure><system-err>Undefined default URL for page object PageObject&#13;
co.com.booking.steps.registerStep.openBrowser(registerStep.java:13)&#13;
co.com.booking.stepdefinitions.registerStepDefinition.theUserWantsToRegister(registerStepDefinition.java:14)&#13;
✽.the user wants to register(file:///C:/Users/SENA/IdeaProjects/pom2/src/test/resources/features/register.feature:5)&#13;
</system-err></testcase></testsuite>