<?xml version="1.0" encoding="UTF-8"?><testsuite errors="1" failures="0" name="Login" skipped="0" tests="3" time="54.59" timestamp="2023-09-28 06:19:56"><testcase name="On the Main in Page"/><testcase name="login failed"/><testcase name="login empty"><error message="element click intercepted: Element &lt;a data-testid=&quot;header-sign-in-button&quot; aria-label=&quot;Sign in&quot; href=&quot;https://account.booking.com/auth/oauth2?client_id=vO1Kblk7xX9tUn2cpZLS&amp;amp;redirect_uri=https%3A%2F%2Fsecure.booking.com%2Flogin.html%3Fop%3Doauth_return&amp;amp;response_type=code&amp;amp;lang=en-gb&amp;amp;aid=2311236&amp;amp;bkng_action=index&amp;amp;prompt=signin&amp;amp;state=UrIDu24e2WFfCIyRfDarSiAPARpRrtGzxlqN8TWuqADMt0MlE1QsmsHxf8wV2dzVdnUHPxkymE8F1okMZdkcLIZZt6gHoqC9VXhVz_HmN7GlDMtMKhv9c-_ArN0h0p4GE_0otLV0Y2786TSeNsrf055iAEVk72EX6GfsqWNdET9_u7wvmmADWheFKnjpVsrw8Je0yRm05-bVE_ET8tLRm4SvYJd3dpate2slz1r9JYQwcOc4_l2mDh8aSZsH6WU8l_OSa-tq8VvA0b7Ipw7Gxl5Mre99EfwJfVmD8AeHrHiwaVWux33J_UpEfb3VJGAFvPrIgTJ2QFg5B_hi7av5CxojHdXycjgxqxasQsBjOAtoN2qMdejr4qR9PGvPSADzGTQIaWBHoo1dld-oMdREvWRc90srm6HM7dqd6t5iZcni-vj0NVSYOgeLNCio3wut9BnG2lEVyv1lqHHeL0M9EauAQuJb1SSj-GTKpGe6KbfKD1gHeVw8e0KmocU3c4bXB7eHylLsCj37vPPr8Duf0yd0y3gS44_1_cnncWr9f4J5P156tEk8C2yRLQedIHvlM-yROG0%3D*eyJpZCI6InRyYXZlbGxlcl9oZWFkZXIifQ%3D%3D&quot; class=&quot;a83ed08757 c21c56c305 bf0537ecb5 ab98298258 deab83296e af7297d90d js-header-login-link&quot;&gt;...&lt;/a&gt; is not clickable at point (1178, 36). Other element would receive the click: &lt;div class=&quot;eb33ef7c47&quot;&gt;...&lt;/div&gt;&#10;  (Session info: chrome=117.0.5938.92)&#10;Build info: version: '3.141.59', revision: 'e82be7d358', time: '2018-11-14T08:17:03'&#10;System info: host: 'DESKTOP-QK7LDR1', ip: '172.18.1.234', os.name: 'Windows 11', os.arch: 'amd64', os.version: '10.0', java.version: '1.8.0_382'&#10;Driver info: org.openqa.selenium.chrome.ChromeDriver&#10;Capabilities {acceptInsecureCerts: false, browserName: chrome, browserVersion: 117.0.5938.92, chrome: {chromedriverVersion: 117.0.5938.88 (be6afae47212..., userDataDir: C:\Users\SENA\AppData\Local...}, fedcm:accounts: true, goog:chromeOptions: {debuggerAddress: localhost:62543}, javascriptEnabled: true, networkConnectionEnabled: false, pageLoadStrategy: normal, platform: WINDOWS, platformName: WINDOWS, proxy: Proxy(), setWindowRect: true, strictFileInteractability: false, timeouts: {implicit: 0, pageLoad: 300000, script: 30000}, unhandledPromptBehavior: dismiss and notify, webauthn:extension:credBlob: true, webauthn:extension:largeBlob: true, webauthn:extension:minPinLength: true, webauthn:extension:prf: true, webauthn:virtualAuthenticators: true}&#10;Session ID: 1d2f25b08a0cf6d8dd93cc0952389d83&#10;Build info: version: '3.141.59', revision: 'e82be7d358', time: '2018-11-14T08:17:03'&#10;System info: host: 'DESKTOP-QK7LDR1', ip: '172.18.1.234', os.name: 'Windows 11', os.arch: 'amd64', os.version: '10.0', java.version: '1.8.0_382'&#10;Driver info: driver.version: unknown" type="org.openqa.selenium.ElementClickInterceptedException">element click intercepted: Element &lt;a data-testid="header-sign-in-button" aria-label="Sign in" href="https://account.booking.com/auth/oauth2?client_id=vO1Kblk7xX9tUn2cpZLS&amp;amp;redirect_uri=https%3A%2F%2Fsecure.booking.com%2Flogin.html%3Fop%3Doauth_return&amp;amp;response_type=code&amp;amp;lang=en-gb&amp;amp;aid=2311236&amp;amp;bkng_action=index&amp;amp;prompt=signin&amp;amp;state=UrIDu24e2WFfCIyRfDarSiAPARpRrtGzxlqN8TWuqADMt0MlE1QsmsHxf8wV2dzVdnUHPxkymE8F1okMZdkcLIZZt6gHoqC9VXhVz_HmN7GlDMtMKhv9c-_ArN0h0p4GE_0otLV0Y2786TSeNsrf055iAEVk72EX6GfsqWNdET9_u7wvmmADWheFKnjpVsrw8Je0yRm05-bVE_ET8tLRm4SvYJd3dpate2slz1r9JYQwcOc4_l2mDh8aSZsH6WU8l_OSa-tq8VvA0b7Ipw7Gxl5Mre99EfwJfVmD8AeHrHiwaVWux33J_UpEfb3VJGAFvPrIgTJ2QFg5B_hi7av5CxojHdXycjgxqxasQsBjOAtoN2qMdejr4qR9PGvPSADzGTQIaWBHoo1dld-oMdREvWRc90srm6HM7dqd6t5iZcni-vj0NVSYOgeLNCio3wut9BnG2lEVyv1lqHHeL0M9EauAQuJb1SSj-GTKpGe6KbfKD1gHeVw8e0KmocU3c4bXB7eHylLsCj37vPPr8Duf0yd0y3gS44_1_cnncWr9f4J5P156tEk8C2yRLQedIHvlM-yROG0%3D*eyJpZCI6InRyYXZlbGxlcl9oZWFkZXIifQ%3D%3D" class="a83ed08757 c21c56c305 bf0537ecb5 ab98298258 deab83296e af7297d90d js-header-login-link"&gt;...&lt;/a&gt; is not clickable at point (1178, 36). Other element would receive the click: &lt;div class="eb33ef7c47"&gt;...&lt;/div&gt;
  (Session info: chrome=117.0.5938.92)
Build info: version: '3.141.59', revision: 'e82be7d358', time: '2018-11-14T08:17:03'
System info: host: 'DESKTOP-QK7LDR1', ip: '172.18.1.234', os.name: 'Windows 11', os.arch: 'amd64', os.version: '10.0', java.version: '1.8.0_382'
Driver info: org.openqa.selenium.chrome.ChromeDriver
Capabilities {acceptInsecureCerts: false, browserName: chrome, browserVersion: 117.0.5938.92, chrome: {chromedriverVersion: 117.0.5938.88 (be6afae47212..., userDataDir: C:\Users\SENA\AppData\Local...}, fedcm:accounts: true, goog:chromeOptions: {debuggerAddress: localhost:62543}, javascriptEnabled: true, networkConnectionEnabled: false, pageLoadStrategy: normal, platform: WINDOWS, platformName: WINDOWS, proxy: Proxy(), setWindowRect: true, strictFileInteractability: false, timeouts: {implicit: 0, pageLoad: 300000, script: 30000}, unhandledPromptBehavior: dismiss and notify, webauthn:extension:credBlob: true, webauthn:extension:largeBlob: true, webauthn:extension:minPinLength: true, webauthn:extension:prf: true, webauthn:virtualAuthenticators: true}
Session ID: 1d2f25b08a0cf6d8dd93cc0952389d83
Build info: version: '3.141.59', revision: 'e82be7d358', time: '2018-11-14T08:17:03'
System info: host: 'DESKTOP-QK7LDR1', ip: '172.18.1.234', os.name: 'Windows 11', os.arch: 'amd64', os.version: '10.0', java.version: '1.8.0_382'
Driver info: driver.version: unknown</error><system-err>element click intercepted: Element &lt;a data-testid="header-sign-in-button" aria-label="Sign in" href="https://account.booking.com/auth/oauth2?client_id=vO1Kblk7xX9tUn2cpZLS&amp;amp;redirect_uri=https%3A%2F%2Fsecure.booking.com%2Flogin.html%3Fop%3Doauth_return&amp;amp;response_type=code&amp;amp;lang=en-gb&amp;amp;aid=2311236&amp;amp;bkng_action=index&amp;amp;prompt=signin&amp;amp;state=UrIDu24e2WFfCIyRfDarSiAPARpRrtGzxlqN8TWuqADMt0MlE1QsmsHxf8wV2dzVdnUHPxkymE8F1okMZdkcLIZZt6gHoqC9VXhVz_HmN7GlDMtMKhv9c-_ArN0h0p4GE_0otLV0Y2786TSeNsrf055iAEVk72EX6GfsqWNdET9_u7wvmmADWheFKnjpVsrw8Je0yRm05-bVE_ET8tLRm4SvYJd3dpate2slz1r9JYQwcOc4_l2mDh8aSZsH6WU8l_OSa-tq8VvA0b7Ipw7Gxl5Mre99EfwJfVmD8AeHrHiwaVWux33J_UpEfb3VJGAFvPrIgTJ2QFg5B_hi7av5CxojHdXycjgxqxasQsBjOAtoN2qMdejr4qR9PGvPSADzGTQIaWBHoo1dld-oMdREvWRc90srm6HM7dqd6t5iZcni-vj0NVSYOgeLNCio3wut9BnG2lEVyv1lqHHeL0M9EauAQuJb1SSj-GTKpGe6KbfKD1gHeVw8e0KmocU3c4bXB7eHylLsCj37vPPr8Duf0yd0y3gS44_1_cnncWr9f4J5P156tEk8C2yRLQedIHvlM-yROG0%3D*eyJpZCI6InRyYXZlbGxlcl9oZWFkZXIifQ%3D%3D" class="a83ed08757 c21c56c305 bf0537ecb5 ab98298258 deab83296e af7297d90d js-header-login-link"&gt;...&lt;/a&gt; is not clickable at point (1178, 36). Other element would receive the click: &lt;div class="eb33ef7c47"&gt;...&lt;/div&gt;
  (Session info: chrome=117.0.5938.92)
Build info: version: '3.141.59', revision: 'e82be7d358', time: '2018-11-14T08:17:03'
System info: host: 'DESKTOP-QK7LDR1', ip: '172.18.1.234', os.name: 'Windows 11', os.arch: 'amd64', os.version: '10.0', java.version: '1.8.0_382'
Driver info: org.openqa.selenium.chrome.ChromeDriver
Capabilities {acceptInsecureCerts: false, browserName: chrome, browserVersion: 117.0.5938.92, chrome: {chromedriverVersion: 117.0.5938.88 (be6afae47212..., userDataDir: C:\Users\SENA\AppData\Local...}, fedcm:accounts: true, goog:chromeOptions: {debuggerAddress: localhost:62543}, javascriptEnabled: true, networkConnectionEnabled: false, pageLoadStrategy: normal, platform: WINDOWS, platformName: WINDOWS, proxy: Proxy(), setWindowRect: true, strictFileInteractability: false, timeouts: {implicit: 0, pageLoad: 300000, script: 30000}, unhandledPromptBehavior: dismiss and notify, webauthn:extension:credBlob: true, webauthn:extension:largeBlob: true, webauthn:extension:minPinLength: true, webauthn:extension:prf: true, webauthn:virtualAuthenticators: true}
Session ID: 1d2f25b08a0cf6d8dd93cc0952389d83
Build info: version: '3.141.59', revision: 'e82be7d358', time: '2018-11-14T08:17:03'
System info: host: 'DESKTOP-QK7LDR1', ip: '172.18.1.234', os.name: 'Windows 11', os.arch: 'amd64', os.version: '10.0', java.version: '1.8.0_382'
Driver info: driver.version: unknown&#13;
co.com.booking.steps.loginStep.ButtonLoggin_Click(loginStep.java:33)&#13;
co.com.booking.stepdefinitions.loginStepDefinition.theUserIsInTheMainsPages(loginStepDefinition.java:67)&#13;
✽.the user is in the mains pages(file:///C:/Users/SENA/IdeaProjects/pom2/src/test/resources/features/login.feature:15)&#13;
</system-err></testcase></testsuite>